<?xml version="1.0" encoding="UTF-8"?>
<!-- Generated by org.testng.reporters.JUnitReportReporter -->
<testsuite skipped="1" hostname="PaperBoy" name="com.paperboy.testscripts.Login" tests="13" failures="0" timestamp="05 Jun 2019 04:50:53 GMT" time="74.842" errors="0">
  <testcase name="Negativecase_7" time="6.063" classname="com.paperboy.testscripts.Login"/>
  <testcase name="Negativecase_5" time="6.127" classname="com.paperboy.testscripts.Login"/>
  <testcase name="a_Negativecase_1" time="6.014" classname="com.paperboy.testscripts.Login"/>
  <testcase name="Negativecase_10" time="7.096" classname="com.paperboy.testscripts.Login"/>
  <testcase name="Negativecase_8" time="6.114" classname="com.paperboy.testscripts.Login"/>
  <testcase name="Negativecase_9" time="6.079" classname="com.paperboy.testscripts.Login"/>
  <testcase name="b_Negativecase_2" time="6.181" classname="com.paperboy.testscripts.Login"/>
  <testcase name="Negativecase_6" time="6.109" classname="com.paperboy.testscripts.Login"/>
  <testcase name="Negativecase_4" time="6.135" classname="com.paperboy.testscripts.Login"/>
  <testcase name="Negativecase_12" time="6.349" classname="com.paperboy.testscripts.Login"/>
  <testcase name="Negativecase_11" time="6.332" classname="com.paperboy.testscripts.Login"/>
  <testcase name="Negativecase_3" time="6.243" classname="com.paperboy.testscripts.Login"/>
  <testcase name="login_1" classname="com.paperboy.testscripts.Login">
    <skipped/>
  </testcase> <!-- login_1 -->
</testsuite> <!-- com.paperboy.testscripts.Login -->
