<?xml version="1.0" encoding="UTF-8"?>
<!-- Generated by org.testng.reporters.JUnitReportReporter -->
<testsuite skipped="0" hostname="PaperBoy" name="com.paperboy.testscripts.Subscribe" tests="2" failures="0" timestamp="05 Jun 2019 08:17:09 GMT" time="25.755" errors="0">
  <testcase name="login_2" time="7.086" classname="com.paperboy.testscripts.Subscribe"/>
  <testcase name="subscribe" time="18.669" classname="com.paperboy.testscripts.Subscribe"/>
</testsuite> <!-- com.paperboy.testscripts.Subscribe -->
