<?xml version="1.0" encoding="UTF-8"?>
<!-- Generated by org.testng.reporters.JUnitReportReporter -->
<testsuite skipped="0" hostname="PaperBoy" name="com.paperboy.testscripts.Subscribe" tests="2" failures="0" timestamp="05 Jun 2019 09:07:47 GMT" time="31.518" errors="0">
  <testcase name="login_2" time="7.202" classname="com.paperboy.testscripts.Subscribe"/>
  <testcase name="subscribe" time="24.316" classname="com.paperboy.testscripts.Subscribe"/>
</testsuite> <!-- com.paperboy.testscripts.Subscribe -->
