<?xml version="1.0" encoding="UTF-8"?>
<!-- Generated by org.testng.reporters.JUnitReportReporter -->
<testsuite skipped="1" hostname="PaperBoy" name="com.paperboy.testscripts.Login" tests="13" failures="0" timestamp="05 Jun 2019 09:09:43 GMT" time="77.140" errors="0">
  <testcase name="Negativecase_9" time="6.385" classname="com.paperboy.testscripts.Login"/>
  <testcase name="Negativecase_3" time="6.578" classname="com.paperboy.testscripts.Login"/>
  <testcase name="Negativecase_7" time="6.121" classname="com.paperboy.testscripts.Login"/>
  <testcase name="Negativecase_12" time="6.410" classname="com.paperboy.testscripts.Login"/>
  <testcase name="b_Negativecase_2" time="6.212" classname="com.paperboy.testscripts.Login"/>
  <testcase name="a_Negativecase_1" time="6.260" classname="com.paperboy.testscripts.Login"/>
  <testcase name="Negativecase_5" time="6.295" classname="com.paperboy.testscripts.Login"/>
  <testcase name="Negativecase_4" time="6.423" classname="com.paperboy.testscripts.Login"/>
  <testcase name="Negativecase_8" time="6.388" classname="com.paperboy.testscripts.Login"/>
  <testcase name="Negativecase_10" time="7.096" classname="com.paperboy.testscripts.Login"/>
  <testcase name="Negativecase_11" time="6.616" classname="com.paperboy.testscripts.Login"/>
  <testcase name="Negativecase_6" time="6.356" classname="com.paperboy.testscripts.Login"/>
  <testcase name="login_1" classname="com.paperboy.testscripts.Login">
    <skipped/>
  </testcase> <!-- login_1 -->
</testsuite> <!-- com.paperboy.testscripts.Login -->
